0 info it worked if it ends with ok
1 verbose cli [ 'C:\\Program Files\\nodejs\\node.exe',
1 verbose cli   'C:\\Program Files\\nodejs\\node_modules\\npm\\bin\\npm-cli.js',
1 verbose cli   'publish' ]
2 info using npm@3.10.10
3 info using node@v6.10.3
4 verbose publish [ '.' ]
5 silly cache add args [ '.', null ]
6 verbose cache add spec .
7 silly cache add parsed spec Result {
7 silly cache add   raw: '.',
7 silly cache add   scope: null,
7 silly cache add   escapedName: null,
7 silly cache add   name: null,
7 silly cache add   rawSpec: '.',
7 silly cache add   spec: 'C:\\Users\\User\\Desktop\\ProjectTKPPL\\PersentasiBespoke\\bespoke-theme-mytheme',
7 silly cache add   type: 'directory' }
8 verbose addLocalDirectory C:\Users\User\AppData\Roaming\npm-cache\bespoke-theme-mytheme\1.0.0\package.tgz not in flight; packing
9 verbose correctMkdir C:\Users\User\AppData\Roaming\npm-cache correctMkdir not in flight; initializing
10 info lifecycle bespoke-theme-mytheme@1.0.0~prepublish: bespoke-theme-mytheme@1.0.0
11 silly lifecycle bespoke-theme-mytheme@1.0.0~prepublish: no script for prepublish, continuing
12 verbose tar pack [ 'C:\\Users\\User\\AppData\\Roaming\\npm-cache\\bespoke-theme-mytheme\\1.0.0\\package.tgz',
12 verbose tar pack   'C:\\Users\\User\\Desktop\\ProjectTKPPL\\PersentasiBespoke\\bespoke-theme-mytheme' ]
13 verbose tarball C:\Users\User\AppData\Roaming\npm-cache\bespoke-theme-mytheme\1.0.0\package.tgz
14 verbose folder C:\Users\User\Desktop\ProjectTKPPL\PersentasiBespoke\bespoke-theme-mytheme
15 verbose addLocalTarball adding from inside cache C:\Users\User\AppData\Roaming\npm-cache\bespoke-theme-mytheme\1.0.0\package.tgz
16 verbose correctMkdir C:\Users\User\AppData\Roaming\npm-cache correctMkdir not in flight; initializing
17 silly cache afterAdd bespoke-theme-mytheme@1.0.0
18 verbose afterAdd C:\Users\User\AppData\Roaming\npm-cache\bespoke-theme-mytheme\1.0.0\package\package.json not in flight; writing
19 verbose correctMkdir C:\Users\User\AppData\Roaming\npm-cache correctMkdir not in flight; initializing
20 verbose afterAdd C:\Users\User\AppData\Roaming\npm-cache\bespoke-theme-mytheme\1.0.0\package\package.json written
21 silly publish { name: 'bespoke-theme-mytheme',
21 silly publish   version: '1.0.0',
21 silly publish   description: 'behavior',
21 silly publish   homepage: 'https://github.com/Simamora11/bespoke-theme-mytheme',
21 silly publish   bugs: { url: 'https://github.com/Simamora11/bespoke-theme-mytheme/issues' },
21 silly publish   author: { url: 'https://github.com/Simamora11' },
21 silly publish   main: './dist/bespoke-theme-mytheme.js',
21 silly publish   repository:
21 silly publish    { type: 'git',
21 silly publish      url: 'git://github.com/Simamora11/bespoke-theme-mytheme.git' },
21 silly publish   scripts: { test: 'gulp' },
21 silly publish   peerDependencies: { bespoke: '>=1.0.0' },
21 silly publish   devDependencies:
21 silly publish    { bespoke: '^1.0.0',
21 silly publish      'bespoke-backdrop': '^1.0.0',
21 silly publish      'bespoke-bullets': '^1.0.0',
21 silly publish      'bespoke-classes': '^1.0.0',
21 silly publish      'bespoke-keys': '^1.0.0',
21 silly publish      'bespoke-progress': '^1.0.0',
21 silly publish      'bespoke-scale': '^1.0.0',
21 silly publish      'bespoke-touch': '^1.0.0',
21 silly publish      brfs: '^1.1.1',
21 silly publish      browserify: '^4.1.5',
21 silly publish      'function-bind': '^0.1.0',
21 silly publish      'gh-pages': '^0.2.0',
21 silly publish      gulp: '^3.5.1',
21 silly publish      'gulp-autoprefixer': '^1.0.1',
21 silly publish      'gulp-browserify': '^0.5.0',
21 silly publish      'gulp-clean': '^0.2.4',
21 silly publish      'gulp-connect': '^2.0.5',
21 silly publish      'gulp-csso': '^0.2.9',
21 silly publish      'gulp-header': '^1.0.2',
21 silly publish      'gulp-jade': '^0.6.1',
21 silly publish      'gulp-plumber': '^0.6.3',
21 silly publish      'gulp-rename': '^1.2.0',
21 silly publish      'gulp-stylus': '^1.0.2',
21 silly publish      'gulp-uglify': '^0.3.0',
21 silly publish      'gulp-util': '^2.2.19',
21 silly publish      'insert-css': '^0.2.0',
21 silly publish      lodash: '^2.4.1',
21 silly publish      normalizecss: '^3.0.0',
21 silly publish      opn: '^0.1.2',
21 silly publish      through: '^2.3.4' },
21 silly publish   engines: { node: '>=0.10.0' },
21 silly publish   licenses: [ { type: 'MIT' } ],
21 silly publish   keywords: [ 'bespoke-plugin', 'bespoke-theme' ],
21 silly publish   readme: '[![Build Status](https://secure.travis-ci.org/Simamora11/bespoke-theme-mytheme.png?branch=master)](https://travis-ci.org/Simamora11/bespoke-theme-mytheme)\n\n# bespoke-theme-mytheme\n\nbehavior &mdash; [View demo](http://Simamora11.github.io/bespoke-theme-mytheme)\n\n## Download\n\nDownload the [production version][min] or the [development version][max], or use a [package manager](#package-managers).\n\n[min]: https://raw.github.com/Simamora11/bespoke-theme-mytheme/master/dist/bespoke-theme-mytheme.min.js\n[max]: https://raw.github.com/Simamora11/bespoke-theme-mytheme/master/dist/bespoke-theme-mytheme.js\n\n## Usage\n\nThis theme is shipped in a [UMD format](https://github.com/umdjs/umd), meaning that it is available as a CommonJS/AMD module or browser global.\n\nFor example, when using CommonJS modules:\n\n```js\nvar bespoke = require(\'bespoke\'),\n  mytheme = require(\'bespoke-theme-mytheme\');\n\nbespoke.from(\'#presentation\', [\n  mytheme()\n]);\n```\n\nWhen using browser globals:\n\n```js\nbespoke.from(\'#presentation\', [\n  bespoke.themes.mytheme()\n]);\n```\n\n## Package managers\n\n### npm\n\n```bash\n$ npm install bespoke-theme-mytheme\n```\n\n### Bower\n\n```bash\n$ bower install bespoke-theme-mytheme\n```\n\n## Credits\n\nThis theme was built with [generator-bespoketheme](https://github.com/markdalgleish/generator-bespoketheme).\n\n## License\n\n[MIT License](http://en.wikipedia.org/wiki/MIT_License)\n',
21 silly publish   readmeFilename: 'README.md',
21 silly publish   _id: 'bespoke-theme-mytheme@1.0.0',
21 silly publish   _shasum: '3e084071313d628b471b0fe914bfb03239448d5b',
21 silly publish   _from: '.' }
22 verbose getPublishConfig undefined
23 silly mapToRegistry name bespoke-theme-mytheme
24 silly mapToRegistry using default registry
25 silly mapToRegistry registry https://registry.npmjs.org/
26 silly mapToRegistry data Result {
26 silly mapToRegistry   raw: 'bespoke-theme-mytheme',
26 silly mapToRegistry   scope: null,
26 silly mapToRegistry   escapedName: 'bespoke-theme-mytheme',
26 silly mapToRegistry   name: 'bespoke-theme-mytheme',
26 silly mapToRegistry   rawSpec: '',
26 silly mapToRegistry   spec: 'latest',
26 silly mapToRegistry   type: 'tag' }
27 silly mapToRegistry uri https://registry.npmjs.org/bespoke-theme-mytheme
28 verbose publish registryBase https://registry.npmjs.org/
29 silly publish uploading C:\Users\User\AppData\Roaming\npm-cache\bespoke-theme-mytheme\1.0.0\package.tgz
30 verbose stack Error: auth required for publishing
30 verbose stack     at CachingRegistryClient.publish (C:\Program Files\nodejs\node_modules\npm\node_modules\npm-registry-client\lib\publish.js:30:14)
30 verbose stack     at C:\Program Files\nodejs\node_modules\npm\lib\publish.js:138:14
30 verbose stack     at mapToRegistry (C:\Program Files\nodejs\node_modules\npm\lib\utils\map-to-registry.js:62:3)
30 verbose stack     at publish_ (C:\Program Files\nodejs\node_modules\npm\lib\publish.js:107:3)
30 verbose stack     at Array.<anonymous> (C:\Program Files\nodejs\node_modules\npm\node_modules\slide\lib\bind-actor.js:15:8)
30 verbose stack     at LOOP (C:\Program Files\nodejs\node_modules\npm\node_modules\slide\lib\chain.js:15:14)
30 verbose stack     at LOOP (C:\Program Files\nodejs\node_modules\npm\node_modules\slide\lib\chain.js:14:28)
30 verbose stack     at chain (C:\Program Files\nodejs\node_modules\npm\node_modules\slide\lib\chain.js:20:5)
30 verbose stack     at C:\Program Files\nodejs\node_modules\npm\lib\publish.js:73:5
30 verbose stack     at RES (C:\Program Files\nodejs\node_modules\npm\node_modules\inflight\inflight.js:23:14)
31 verbose cwd C:\Users\User\Desktop\ProjectTKPPL\PersentasiBespoke\bespoke-theme-mytheme
32 error Windows_NT 10.0.14393
33 error argv "C:\\Program Files\\nodejs\\node.exe" "C:\\Program Files\\nodejs\\node_modules\\npm\\bin\\npm-cli.js" "publish"
34 error node v6.10.3
35 error npm  v3.10.10
36 error code ENEEDAUTH
37 error need auth auth required for publishing
38 error need auth You need to authorize this machine using `npm adduser`
39 verbose exit [ 1, true ]
